#
# There is insufficient memory for the Java Runtime Environment to continue.
# Native memory allocation (malloc) failed to allocate 1048576 bytes for AllocateHeap
# Possible reasons:
#   The system is out of physical RAM or swap space
#   The process is running with CompressedOops enabled, and the Java Heap may be blocking the growth of the native heap
# Possible solutions:
#   Reduce memory load on the system
#   Increase physical memory or swap space
#   Check if swap backing store is full
#   Decrease Java heap size (-Xmx/-Xms)
#   Decrease number of Java threads
#   Decrease Java thread stack sizes (-Xss)
#   Set larger code cache with -XX:ReservedCodeCacheSize=
#   JVM is running with Zero Based Compressed Oops mode in which the Java heap is
#     placed in the first 32GB address space. The Java Heap base address is the
#     maximum limit for the native heap growth. Please use -XX:HeapBaseMinAddress
#     to set the Java Heap base and to place the Java Heap above 32GB virtual address.
# This output file may be truncated or incomplete.
#
#  Out of Memory Error (memory/allocation.inline.hpp:61), pid=6436, tid=0x000000000000070c
#
# JRE version:  (8.0_242-b08) (build )
# Java VM: OpenJDK 64-Bit Server VM (25.242-b08 mixed mode windows-amd64 compressed oops)
# Failed to write core dump. Minidumps are not enabled by default on client versions of Windows
#

---------------  T H R E A D  ---------------

Current thread (0x0000000003377800):  JavaThread "Unknown thread" [_thread_in_vm, id=1804, stack(0x0000000003230000,0x0000000003330000)]

Stack: [0x0000000003230000,0x0000000003330000]
[error occurred during error reporting (printing stack bounds), id 0xc0000005]

Native frames: (J=compiled Java code, j=interpreted, Vv=VM code, C=native code)


---------------  P R O C E S S  ---------------

Java Threads: ( => current thread )

Other Threads:

=>0x0000000003377800 (exited) JavaThread "Unknown thread" [_thread_in_vm, id=1804, stack(0x0000000003230000,0x0000000003330000)]

VM state:not at safepoint (normal execution)

VM Mutex/Monitor currently owned by a thread: None

heap address: 0x00000006c3600000, size: 4042 MB, Compressed Oops mode: Zero based, Oop shift amount: 3
Narrow klass base: 0x0000000000000000, Narrow klass shift: 3
Compressed class space size: 1073741824 Address: 0x00000007c0000000

Heap:
 PSYoungGen      total 75776K, used 1300K [0x000000076bd00000, 0x0000000771180000, 0x00000007c0000000)
  eden space 65024K, 2% used [0x000000076bd00000,0x000000076be451f8,0x000000076fc80000)
  from space 10752K, 0% used [0x0000000770700000,0x0000000770700000,0x0000000771180000)
  to   space 10752K, 0% used [0x000000076fc80000,0x000000076fc80000,0x0000000770700000)
 ParOldGen       total 173568K, used 0K [0x00000006c3600000, 0x00000006cdf80000, 0x000000076bd00000)
  object space 173568K, 0% used [0x00000006c3600000,0x00000006c3600000,0x00000006cdf80000)
 Metaspace       used 874K, capacity 4480K, committed 4480K, reserved 1056768K
  class space    used 74K, capacity 384K, committed 384K, reserved 1048576K

Card table byte_map: [0x00000000127f0000,0x0000000012fe0000] byte_map_base: 0x000000000f1d5000

Marking Bits: (ParMarkBitMap*) 0x000000005b28ff30
 Begin Bits: [0x0000000013d30000, 0x0000000017c58000)
 End Bits:   [0x0000000017c58000, 0x000000001bb80000)

Polling page: 0x00000000013a0000

CodeCache: size=245760Kb used=328Kb max_used=328Kb free=245431Kb
 bounds [0x0000000003430000, 0x00000000036a0000, 0x0000000012430000]
 total_blobs=57 nmethods=0 adapters=38
 compilation: enabled

Compilation events (0 events):
No events

GC Heap History (0 events):
No events

Deoptimization events (0 events):
No events

Classes redefined (0 events):
No events

Internal exceptions (0 events):
No events

Events (216 events):
Event: 0.010 loading class java/lang/Object
Event: 0.013 loading class java/lang/Object done
Event: 0.013 loading class java/lang/String
Event: 0.013 loading class java/io/Serializable
Event: 0.013 loading class java/io/Serializable done
Event: 0.013 loading class java/lang/Comparable
Event: 0.013 loading class java/lang/Comparable done
Event: 0.013 loading class java/lang/CharSequence
Event: 0.013 loading class java/lang/CharSequence done
Event: 0.013 loading class java/lang/String done
Event: 0.013 loading class java/lang/Class
Event: 0.013 loading class java/lang/reflect/GenericDeclaration
Event: 0.013 loading class java/lang/reflect/AnnotatedElement
Event: 0.013 loading class java/lang/reflect/AnnotatedElement done
Event: 0.013 loading class java/lang/reflect/GenericDeclaration done
Event: 0.013 loading class java/lang/reflect/Type
Event: 0.013 loading class java/lang/reflect/Type done
Event: 0.013 loading class java/lang/Class done
Event: 0.013 loading class java/lang/Cloneable
Event: 0.013 loading class java/lang/Cloneable done
Event: 0.013 loading class java/lang/ClassLoader
Event: 0.014 loading class java/lang/ClassLoader done
Event: 0.014 loading class java/lang/System
Event: 0.014 loading class java/lang/System done
Event: 0.014 loading class java/lang/Throwable
Event: 0.014 loading class java/lang/Throwable done
Event: 0.014 loading class java/lang/Error
Event: 0.014 loading class java/lang/Error done
Event: 0.014 loading class java/lang/ThreadDeath
Event: 0.014 loading class java/lang/ThreadDeath done
Event: 0.014 loading class java/lang/Exception
Event: 0.014 loading class java/lang/Exception done
Event: 0.014 loading class java/lang/RuntimeException
Event: 0.014 loading class java/lang/RuntimeException done
Event: 0.014 loading class java/lang/SecurityManager
Event: 0.014 loading class java/lang/SecurityManager done
Event: 0.014 loading class java/security/ProtectionDomain
Event: 0.014 loading class java/security/ProtectionDomain done
Event: 0.014 loading class java/security/AccessControlContext
Event: 0.014 loading class java/security/AccessControlContext done
Event: 0.014 loading class java/security/SecureClassLoader
Event: 0.014 loading class java/security/SecureClassLoader done
Event: 0.014 loading class java/lang/ClassNotFoundException
Event: 0.014 loading class java/lang/ReflectiveOperationException
Event: 0.014 loading class java/lang/ReflectiveOperationException done
Event: 0.014 loading class java/lang/ClassNotFoundException done
Event: 0.014 loading class java/lang/NoClassDefFoundError
Event: 0.014 loading class java/lang/LinkageError
Event: 0.014 loading class java/lang/LinkageError done
Event: 0.014 loading class java/lang/NoClassDefFoundError done
Event: 0.014 loading class java/lang/ClassCastException
Event: 0.015 loading class java/lang/ClassCastException done
Event: 0.015 loading class java/lang/ArrayStoreException
Event: 0.015 loading class java/lang/ArrayStoreException done
Event: 0.015 loading class java/lang/VirtualMachineError
Event: 0.015 loading class java/lang/VirtualMachineError done
Event: 0.015 loading class java/lang/OutOfMemoryError
Event: 0.015 loading class java/lang/OutOfMemoryError done
Event: 0.015 loading class java/lang/StackOverflowError
Event: 0.015 loading class java/lang/StackOverflowError done
Event: 0.015 loading class java/lang/IllegalMonitorStateException
Event: 0.015 loading class java/lang/IllegalMonitorStateException done
Event: 0.015 loading class java/lang/ref/Reference
Event: 0.015 loading class java/lang/ref/Reference done
Event: 0.015 loading class java/lang/ref/SoftReference
Event: 0.015 loading class java/lang/ref/SoftReference done
Event: 0.015 loading class java/lang/ref/WeakReference
Event: 0.015 loading class java/lang/ref/WeakReference done
Event: 0.015 loading class java/lang/ref/FinalReference
Event: 0.015 loading class java/lang/ref/FinalReference done
Event: 0.015 loading class java/lang/ref/PhantomReference
Event: 0.015 loading class java/lang/ref/PhantomReference done
Event: 0.015 loading class sun/misc/Cleaner
Event: 0.015 loading class sun/misc/Cleaner done
Event: 0.015 loading class java/lang/ref/Finalizer
Event: 0.015 loading class java/lang/ref/Finalizer done
Event: 0.015 loading class java/lang/ref/ReferenceQueue
Event: 0.015 loading class java/lang/ref/ReferenceQueue done
Event: 0.015 loading class java/lang/Thread
Event: 0.015 loading class java/lang/Runnable
Event: 0.015 loading class java/lang/Runnable done
Event: 0.015 loading class java/lang/Thread done
Event: 0.015 loading class java/lang/ThreadGroup
Event: 0.015 loading class java/lang/Thread$UncaughtExceptionHandler
Event: 0.015 loading class java/lang/Thread$UncaughtExceptionHandler done
Event: 0.015 loading class java/lang/ThreadGroup done
Event: 0.015 loading class java/util/Properties
Event: 0.015 loading class java/util/Hashtable
Event: 0.015 loading class java/util/Map
Event: 0.016 loading class java/util/Map done
Event: 0.016 loading class java/util/Dictionary
Event: 0.016 loading class java/util/Dictionary done
Event: 0.016 loading class java/util/Hashtable done
Event: 0.016 loading class java/util/Properties done
Event: 0.016 loading class java/lang/reflect/AccessibleObject
Event: 0.016 loading class java/lang/reflect/AccessibleObject done
Event: 0.016 loading class java/lang/reflect/Field
Event: 0.016 loading class java/lang/reflect/Member
Event: 0.016 loading class java/lang/reflect/Member done
Event: 0.016 loading class java/lang/reflect/Field done
Event: 0.016 loading class java/lang/reflect/Parameter
Event: 0.016 loading class java/lang/reflect/Parameter done
Event: 0.016 loading class java/lang/reflect/Method
Event: 0.016 loading class java/lang/reflect/Executable
Event: 0.016 loading class java/lang/reflect/Executable done
Event: 0.016 loading class java/lang/reflect/Method done
Event: 0.016 loading class java/lang/reflect/Constructor
Event: 0.016 loading class java/lang/reflect/Constructor done
Event: 0.016 loading class sun/reflect/MagicAccessorImpl
Event: 0.016 loading class sun/reflect/MagicAccessorImpl done
Event: 0.016 loading class sun/reflect/MethodAccessorImpl
Event: 0.016 loading class sun/reflect/MethodAccessor
Event: 0.016 loading class sun/reflect/MethodAccessor done
Event: 0.016 loading class sun/reflect/MethodAccessorImpl done
Event: 0.016 loading class sun/reflect/ConstructorAccessorImpl
Event: 0.016 loading class sun/reflect/ConstructorAccessor
Event: 0.017 loading class sun/reflect/ConstructorAccessor done
Event: 0.017 loading class sun/reflect/ConstructorAccessorImpl done
Event: 0.017 loading class sun/reflect/DelegatingClassLoader
Event: 0.017 loading class sun/reflect/DelegatingClassLoader done
Event: 0.017 loading class sun/reflect/ConstantPool
Event: 0.017 loading class sun/reflect/ConstantPool done
Event: 0.017 loading class sun/reflect/UnsafeStaticFieldAccessorImpl
Event: 0.017 loading class sun/reflect/UnsafeFieldAccessorImpl
Event: 0.017 loading class sun/reflect/FieldAccessorImpl
Event: 0.017 loading class sun/reflect/FieldAccessor
Event: 0.017 loading class sun/reflect/FieldAccessor done
Event: 0.017 loading class sun/reflect/FieldAccessorImpl done
Event: 0.017 loading class sun/reflect/UnsafeFieldAccessorImpl done
Event: 0.017 loading class sun/reflect/UnsafeStaticFieldAccessorImpl done
Event: 0.017 loading class sun/reflect/CallerSensitive
Event: 0.017 loading class java/lang/annotation/Annotation
Event: 0.017 loading class java/lang/annotation/Annotation done
Event: 0.017 loading class sun/reflect/CallerSensitive done
Event: 0.017 loading class java/lang/invoke/DirectMethodHandle
Event: 0.017 loading class java/lang/invoke/MethodHandle
Event: 0.017 loading class java/lang/invoke/MethodHandle done
Event: 0.017 loading class java/lang/invoke/DirectMethodHandle done
Event: 0.017 loading class java/lang/invoke/MemberName
Event: 0.018 loading class java/lang/invoke/MemberName done
Event: 0.018 loading class java/lang/invoke/MethodHandleNatives
Event: 0.018 loading class java/lang/invoke/MethodHandleNatives done
Event: 0.018 loading class java/lang/invoke/LambdaForm
Event: 0.018 loading class java/lang/invoke/LambdaForm done
Event: 0.018 loading class java/lang/invoke/MethodType
Event: 0.018 loading class java/lang/invoke/MethodType done
Event: 0.018 loading class java/lang/BootstrapMethodError
Event: 0.018 loading class java/lang/BootstrapMethodError done
Event: 0.018 loading class java/lang/invoke/CallSite
Event: 0.018 loading class java/lang/invoke/CallSite done
Event: 0.018 loading class java/lang/invoke/ConstantCallSite
Event: 0.018 loading class java/lang/invoke/ConstantCallSite done
Event: 0.018 loading class java/lang/invoke/MutableCallSite
Event: 0.018 loading class java/lang/invoke/MutableCallSite done
Event: 0.018 loading class java/lang/invoke/VolatileCallSite
Event: 0.018 loading class java/lang/invoke/VolatileCallSite done
Event: 0.018 loading class java/lang/StringBuffer
Event: 0.019 loading class java/lang/AbstractStringBuilder
Event: 0.019 loading class java/lang/Appendable
Event: 0.019 loading class java/lang/Appendable done
Event: 0.019 loading class java/lang/AbstractStringBuilder done
Event: 0.019 loading class java/lang/StringBuffer done
Event: 0.019 loading class java/lang/StringBuilder
Event: 0.019 loading class java/lang/StringBuilder done
Event: 0.019 loading class sun/misc/Unsafe
Event: 0.019 loading class sun/misc/Unsafe done
Event: 0.019 loading class java/io/ByteArrayInputStream
Event: 0.019 loading class java/io/InputStream
Event: 0.019 loading class java/io/Closeable
Event: 0.019 loading class java/lang/AutoCloseable
Event: 0.019 loading class java/lang/AutoCloseable done
Event: 0.019 loading class java/io/Closeable done
Event: 0.019 loading class java/io/InputStream done
Event: 0.019 loading class java/io/ByteArrayInputStream done
Event: 0.019 loading class java/io/File
Event: 0.020 loading class java/io/File done
Event: 0.020 loading class java/net/URLClassLoader
Event: 0.020 loading class java/net/URLClassLoader done
Event: 0.020 loading class java/net/URL
Event: 0.020 loading class java/net/URL done
Event: 0.020 loading class java/util/jar/Manifest
Event: 0.020 loading class java/util/jar/Manifest done
Event: 0.020 loading class sun/misc/Launcher
Event: 0.020 loading class sun/misc/Launcher done
Event: 0.020 loading class sun/misc/Launcher$AppClassLoader
Event: 0.020 loading class sun/misc/Launcher$AppClassLoader done
Event: 0.020 loading class sun/misc/Launcher$ExtClassLoader
Event: 0.020 loading class sun/misc/Launcher$ExtClassLoader done
Event: 0.020 loading class java/security/CodeSource
Event: 0.020 loading class java/security/CodeSource done
Event: 0.020 loading class java/lang/StackTraceElement
Event: 0.020 loading class java/lang/StackTraceElement done
Event: 0.020 loading class java/nio/Buffer
Event: 0.020 loading class java/nio/Buffer done
Event: 0.020 loading class java/lang/Boolean
Event: 0.020 loading class java/lang/Boolean done
Event: 0.020 loading class java/lang/Character
Event: 0.021 loading class java/lang/Character done
Event: 0.021 loading class java/lang/Float
Event: 0.021 loading class java/lang/Number
Event: 0.021 loading class java/lang/Number done
Event: 0.021 loading class java/lang/Float done
Event: 0.021 loading class java/lang/Double
Event: 0.021 loading class java/lang/Double done
Event: 0.021 loading class java/lang/Byte
Event: 0.021 loading class java/lang/Byte done
Event: 0.021 loading class java/lang/Short
Event: 0.021 loading class java/lang/Short done
Event: 0.021 loading class java/lang/Integer
Event: 0.021 loading class java/lang/Integer done
Event: 0.021 loading class java/lang/Long
Event: 0.021 loading class java/lang/Long done
Event: 0.022 loading class java/lang/NullPointerException
Event: 0.022 loading class java/lang/NullPointerException done
Event: 0.022 loading class java/lang/ArithmeticException
Event: 0.022 loading class java/lang/ArithmeticException done


Dynamic libraries:
0x00007ff62a3d0000 - 0x00007ff62a419000 	C:\Program Files\Java\bin\javaw.exe
0x00007ffd09d60000 - 0x00007ffd09f50000 	C:\Windows\SYSTEM32\ntdll.dll
0x00007ffd07ec0000 - 0x00007ffd07f72000 	C:\Windows\System32\KERNEL32.DLL
0x00007ffd07120000 - 0x00007ffd073c3000 	C:\Windows\System32\KERNELBASE.dll
0x00007ffd07e10000 - 0x00007ffd07eb3000 	C:\Windows\System32\ADVAPI32.dll
0x00007ffd09a20000 - 0x00007ffd09abe000 	C:\Windows\System32\msvcrt.dll
0x00007ffd09ba0000 - 0x00007ffd09c37000 	C:\Windows\System32\sechost.dll
0x00007ffd08050000 - 0x00007ffd08170000 	C:\Windows\System32\RPCRT4.dll
0x00007ffd09880000 - 0x00007ffd09a14000 	C:\Windows\System32\USER32.dll
0x00007ffd074c0000 - 0x00007ffd074e1000 	C:\Windows\System32\win32u.dll
0x00007ffd09680000 - 0x00007ffd096a6000 	C:\Windows\System32\GDI32.dll
0x00007ffd074f0000 - 0x00007ffd07684000 	C:\Windows\System32\gdi32full.dll
0x00007ffd07420000 - 0x00007ffd074be000 	C:\Windows\System32\msvcp_win.dll
0x00007ffd06e40000 - 0x00007ffd06f3a000 	C:\Windows\System32\ucrtbase.dll
0x00007ffcedf20000 - 0x00007ffcee1a5000 	C:\Windows\WinSxS\amd64_microsoft.windows.common-controls_6595b64144ccf1df_6.0.18362.592_none_e6c0b1911312be02\COMCTL32.dll
0x00007ffd082a0000 - 0x00007ffd085d6000 	C:\Windows\System32\combase.dll
0x00007ffd06f40000 - 0x00007ffd06fc0000 	C:\Windows\System32\bcryptPrimitives.dll
0x00007ffd08d30000 - 0x00007ffd08d5e000 	C:\Windows\System32\IMM32.DLL
0x000000005a950000 - 0x000000005aa22000 	C:\Program Files\Java\jre\bin\msvcr100.dll
0x000000005aa50000 - 0x000000005b313000 	C:\Program Files\Java\jre\bin\server\jvm.dll
0x00007ffd09b90000 - 0x00007ffd09b98000 	C:\Windows\System32\PSAPI.DLL
0x00007ffcfc360000 - 0x00007ffcfc36a000 	C:\Windows\SYSTEM32\VERSION.dll
0x00007ffcee440000 - 0x00007ffcee449000 	C:\Windows\SYSTEM32\WSOCK32.dll
0x00007ffd09810000 - 0x00007ffd0987f000 	C:\Windows\System32\WS2_32.dll
0x00007ffd00320000 - 0x00007ffd00344000 	C:\Windows\SYSTEM32\WINMM.dll
0x00007ffd002f0000 - 0x00007ffd0031d000 	C:\Windows\SYSTEM32\WINMMBASE.dll
0x00007ffd073d0000 - 0x00007ffd0741a000 	C:\Windows\System32\cfgmgr32.dll
0x00007ffcfc040000 - 0x00007ffcfc04f000 	C:\Program Files\Java\jre\bin\verify.dll
0x00007ffcc57d0000 - 0x00007ffcc57f9000 	C:\Program Files\Java\jre\bin\java.dll
0x00007ffce5530000 - 0x00007ffce5546000 	C:\Program Files\Java\jre\bin\zip.dll

VM Arguments:
jvm_args: -Dcom.sun.management.jmxremote -Dcom.sun.management.jmxremote.port=50754 -Dcom.sun.management.jmxremote.authenticate=false -Dcom.sun.management.jmxremote.ssl=false -Djava.rmi.server.hostname=localhost -Dspring.jmx.enabled=true -Dspring.liveBeansView.mbeanDomain -Dspring.application.admin.enabled=true -Xverify:none -XX:TieredStopAtLevel=1 -Dspring.boot.project.name=LibraryMgmtSystm -Dfile.encoding=UTF-8 
java_command: com.asaqib.LibraryMgmtSystm.LibraryMgmtSystmApplication --spring.output.ansi.enabled=always
java_class_path (initial): D:\Users\asaqib\Documents\workspace-sts-3.9.11.RELEASE\LibraryMgmtSystm\target\classes;D:\Users\asaqib\Downloads\sts-bundle\sts-3.9.11.RELEASE\plugins\org.junit_4.12.0.v201504281640\junit.jar;D:\Users\asaqib\Downloads\sts-bundle\sts-3.9.11.RELEASE\plugins\org.hamcrest.core_1.3.0.v20180420-1519.jar;D:\Users\asaqib\.m2\repository\org\springframework\boot\spring-boot-starter-web\2.2.4.RELEASE\spring-boot-starter-web-2.2.4.RELEASE.jar;D:\Users\asaqib\.m2\repository\org\springframework\boot\spring-boot-starter\2.2.4.RELEASE\spring-boot-starter-2.2.4.RELEASE.jar;D:\Users\asaqib\.m2\repository\org\springframework\boot\spring-boot\2.2.4.RELEASE\spring-boot-2.2.4.RELEASE.jar;D:\Users\asaqib\.m2\repository\org\springframework\boot\spring-boot-autoconfigure\2.2.4.RELEASE\spring-boot-autoconfigure-2.2.4.RELEASE.jar;D:\Users\asaqib\.m2\repository\org\springframework\boot\spring-boot-starter-logging\2.2.4.RELEASE\spring-boot-starter-logging-2.2.4.RELEASE.jar;D:\Users\asaqib\.m2\repository\ch\qos\logback\logback-classic\1.2.3\logback-classic-1.2.3.jar;D:\Users\asaqib\.m2\repository\ch\qos\logback\logback-core\1.2.3\logback-core-1.2.3.jar;D:\Users\asaqib\.m2\repository\org\apache\logging\log4j\log4j-to-slf4j\2.12.1\log4j-to-slf4j-2.12.1.jar;D:\Users\asaqib\.m2\repository\org\apache\logging\log4j\log4j-api\2.12.1\log4j-api-2.12.1.jar;D:\Users\asaqib\.m2\repository\org\slf4j\jul-to-slf4j\1.7.30\jul-to-slf4j-1.7.30.jar;D:\Users\asaqib\.m2\repository\jakarta\annotation\jakarta.annotation-api\1.3.5\jakarta.annotation-api-1.3.5.jar;D:\Users\asaqib\.m2\repository\org\yaml\snakeyaml\1.25\snakeyaml-1.25.jar;D:\Users\asaqib\.m2\repository\org\springframework\boot\spring-boot-starter-json\2.2.4.RELEASE\spring-boot-starter-json-2.2.4.RELEASE.jar;D:\Users\asaqib\.m2\repository\com\fasterxml\jackson\core\jackson-databind\2.10.2\jackson-databind-2.10.2.jar;D:\Users\asaqib\.m2\repository\com\fasterxml\jackson\core\jackson-annotations\2.10.2\jackson-annotations-2.10.2.j
Launcher Type: SUN_STANDARD

Environment Variables:
JAVA_HOME=C:\Program Files\Java
PATH=C:/Program Files/Java/bin/../jre/bin/server;C:/Program Files/Java/bin/../jre/bin;C:/Program Files/Java/bin/../jre/lib/amd64;C:\Python27\;C:\Python27\Scripts;C:\Windows\system32;C:\Windows;C:\Windows\System32\Wbem;C:\Windows\System32\WindowsPowerShell\v1.0\;C:\Windows\System32\OpenSSH\;C:\Program Files\Intel\WiFi\bin\;C:\Program Files\Common Files\Intel\WirelessCommon\;C:\Program Files\PuTTY\;C:\Program Files\Java\bin;C:\Program Files (x86)\MySQL\MySQL Fabric 1.5 & MySQL Utilities 1.5\;C:\Program Files (x86)\MySQL\MySQL Fabric 1.5 & MySQL Utilities 1.5\Doctrine extensions for PHP\;C:\Program Files (x86)\Brackets\command;D:\Users\asaqib\AppData\Roaming\npm\node_modules\@angular\cli\bin;D:\Users\asaqib\AppData\Roaming\npm\;C:\Program Files\nodejs\node_modules\npm\bin\;C:\Users\Administrator\AppData\Roaming\npm\;C:\ProgramData\chocolatey\bin;C:\Program Files\nodejs\;D:\Users\asaqib\AppData\Local\Microsoft\WindowsApps;D:\Users\asaqib\AppData\Local\Programs\Git\cmd;D:\Users\asaqib\AppData\Local\Programs\Microsoft VS Code\bin;D:\Users\asaqib\AppData\Roaming\npm;C:\Program Files\Java\bin;;D:\Users\asaqib\Downloads\sts-bundle\sts-3.9.11.RELEASE;
USERNAME=asaqib
OS=Windows_NT
PROCESSOR_IDENTIFIER=Intel64 Family 6 Model 142 Stepping 11, GenuineIntel



---------------  S Y S T E M  ---------------

OS: Windows 10.0 , 64 bit Build 18362 (10.0.18362.329)

CPU:total 8 (initial active 8) (4 cores per cpu, 2 threads per core) family 6 model 142 stepping 11, cmov, cx8, fxsr, mmx, sse, sse2, sse3, ssse3, sse4.1, sse4.2, popcnt, avx, avx2, aes, clmul, erms, 3dnowpref, lzcnt, ht, tsc, tscinvbit, bmi1, bmi2, adx

Memory: 4k page, physical 16551892k(1559040k free), swap 16551892k(5552k free)

vm_info: OpenJDK 64-Bit Server VM (25.242-b08) for windows-amd64 JRE (1.8.0_242-b08), built on Jan 18 2020 10:32:32 by "VssAdministrator" with MS VC++ 10.0 (VS2010)

time: Tue May 19 23:09:40 2020
timezone: India Standard Time
elapsed time: 0 seconds (0d 0h 0m 0s)

